<?xml version="1.0" encoding="UTF-8"?>
<!-- Generated by org.testng.reporters.JUnitReportReporter -->
<testsuite hostname="LAPTOP-0M7MHKRB" failures="0" tests="26" name="runnerPackage.TestRunner" time="541.445" errors="0" timestamp="2025-03-26T09:59:13 IST" skipped="0">
  <testcase classname="runnerPackage.TestRunner" name="runScenario" time="17.813"/>
  <system-out/>
  <testcase classname="runnerPackage.TestRunner" name="runScenario" time="11.917"/>
  <system-out/>
  <testcase classname="runnerPackage.TestRunner" name="runScenario" time="9.045"/>
  <system-out/>
  <testcase classname="runnerPackage.TestRunner" name="runScenario" time="18.624"/>
  <system-out/>
  <testcase classname="runnerPackage.TestRunner" name="runScenario" time="16.770"/>
  <system-out/>
  <testcase classname="runnerPackage.TestRunner" name="runScenario" time="17.614"/>
  <system-out/>
  <testcase classname="runnerPackage.TestRunner" name="runScenario" time="10.875"/>
  <system-out/>
  <testcase classname="runnerPackage.TestRunner" name="runScenario" time="51.186"/>
  <system-out/>
  <testcase classname="runnerPackage.TestRunner" name="runScenario" time="30.897"/>
  <system-out/>
  <testcase classname="runnerPackage.TestRunner" name="runScenario" time="9.525"/>
  <system-out/>
  <testcase classname="runnerPackage.TestRunner" name="runScenario" time="5.712"/>
  <system-out/>
  <testcase classname="runnerPackage.TestRunner" name="runScenario" time="10.685"/>
  <system-out/>
  <testcase classname="runnerPackage.TestRunner" name="runScenario" time="55.686"/>
  <system-out/>
  <testcase classname="runnerPackage.TestRunner" name="runScenario" time="8.260"/>
  <system-out/>
  <testcase classname="runnerPackage.TestRunner" name="runScenario" time="14.031"/>
  <system-out/>
  <testcase classname="runnerPackage.TestRunner" name="runScenario" time="13.508"/>
  <system-out/>
  <testcase classname="runnerPackage.TestRunner" name="runScenario" time="30.351"/>
  <system-out/>
  <testcase classname="runnerPackage.TestRunner" name="runScenario" time="10.686"/>
  <system-out/>
  <testcase classname="runnerPackage.TestRunner" name="runScenario" time="14.462"/>
  <system-out/>
  <testcase classname="runnerPackage.TestRunner" name="runScenario" time="8.035"/>
  <system-out/>
  <testcase classname="runnerPackage.TestRunner" name="runScenario" time="5.087"/>
  <system-out/>
  <testcase classname="runnerPackage.TestRunner" name="runScenario" time="52.947"/>
  <system-out/>
  <testcase classname="runnerPackage.TestRunner" name="runScenario" time="27.328"/>
  <system-out/>
  <testcase classname="runnerPackage.TestRunner" name="runScenario" time="52.650"/>
  <system-out/>
  <testcase classname="runnerPackage.TestRunner" name="runScenario" time="10.705"/>
  <system-out/>
  <testcase classname="runnerPackage.TestRunner" name="runScenario" time="27.046"/>
  <system-out/>
</testsuite> <!-- runnerPackage.TestRunner -->
